<?xml version="1.0" encoding="UTF-8"?>
<!-- Generated by org.testng.reporters.JUnitXMLReporter -->
<testsuite hostname="DESKTOP-BMTHO9F" ignored="0" name="Test" tests="13" failures="0" timestamp="22 Aug 2018 18:26:31 GMT" time="90.771" errors="0">
  <testcase name="invalidLogin" time="3.606" classname="tests.LoginTests"/>
  <testcase name="invalidRegisterUser" time="2.588" classname="tests.LoginTests"/>
  <testcase name="validLogin" time="1.58" classname="tests.LoginTests"/>
  <testcase name="validSettingsSave" time="1.853" classname="tests.AccountTests"/>
  <testcase name="invalidSettingsSave" time="0.985" classname="tests.AccountTests"/>
  <testcase name="invalidPasswordReset" time="1.427" classname="tests.AccountTests"/>
  <testcase name="invalidateSession" time="1.168" classname="tests.AccountTests"/>
  <testcase name="createValidBranch" time="2.424" classname="tests.BranchTests"/>
  <testcase name="editBranch" time="2.249" classname="tests.BranchTests"/>
  <testcase name="deleteBranch" time="1.687" classname="tests.BranchTests"/>
  <testcase name="createValidStaff" time="2.081" classname="tests.StaffTests"/>
  <testcase name="editValidStaff" time="2.603" classname="tests.StaffTests"/>
  <testcase name="deleteValidStaff" time="1.718" classname="tests.StaffTests"/>
</testsuite> <!-- Test -->
