<?xml version="1.0" encoding="UTF-8"?>
<!-- Generated by org.testng.reporters.JUnitXMLReporter -->
<testsuite hostname="DESKTOP-BMTHO9F" ignored="3" name="Test" tests="3" failures="0" timestamp="21 Aug 2018 20:58:42 GMT" time="39.12" errors="0">
  <testcase name="invalidLogin" time="1.711" classname="tests.LoginTests"/>
  <testcase name="invalidRegisterUser" time="3.444" classname="tests.LoginTests"/>
  <testcase name="validLogin" time="1.742" classname="tests.LoginTests"/>
  <testcase name="deleteBranch" time="0.0" classname="tests.BranchTests">
    <ignored/>
  </testcase> <!-- deleteBranch -->
  <testcase name="createValidBranch" time="0.0" classname="tests.BranchTests">
    <ignored/>
  </testcase> <!-- createValidBranch -->
  <testcase name="editBranch" time="0.0" classname="tests.BranchTests">
    <ignored/>
  </testcase> <!-- editBranch -->
</testsuite> <!-- Test -->
