-------------------------------------------------------------------------------
Test set: TestSuite
-------------------------------------------------------------------------------
Tests run: 2, Failures: 1, Errors: 0, Skipped: 0, Time elapsed: 15.21 s <<< FAILURE! - in TestSuite
invalidSettingsSave(tests.AccountTests)  Time elapsed: 0.914 s  <<< FAILURE!
java.lang.AssertionError: expected [An error has occurred! Settings could not be saved.] but found []
	at tests.AccountTests.invalidSettingsSave(AccountTests.java:38)

