<?xml version="1.0" encoding="UTF-8"?>
<testsuite xmlns:xsi="http://www.w3.org/2001/XMLSchema-instance" xsi:noNamespaceSchemaLocation="https://maven.apache.org/surefire/maven-surefire-plugin/xsd/surefire-test-report.xsd" name="TestSuite" time="91.783" tests="13" errors="0" skipped="0" failures="0">
  <properties>
[...]
</properties>
  <testcase name="invalidLogin" classname="tests.LoginTests" time="3.62"/>
  <testcase name="invalidRegisterUser" classname="tests.LoginTests" time="2.586"/>
  <testcase name="validLogin" classname="tests.LoginTests" time="1.599"/>
  <testcase name="validSettingsSave" classname="tests.AccountTests" time="1.852"/>
  <testcase name="invalidSettingsSave" classname="tests.AccountTests" time="0.985"/>
  <testcase name="invalidPasswordReset" classname="tests.AccountTests" time="1.427"/>
  <testcase name="invalidateSession" classname="tests.AccountTests" time="1.167"/>
  <testcase name="createValidBranch" classname="tests.BranchTests" time="2.423"/>
  <testcase name="editBranch" classname="tests.BranchTests" time="2.248"/>
  <testcase name="deleteBranch" classname="tests.BranchTests" time="1.686"/>
  <testcase name="createValidStaff" classname="tests.StaffTests" time="2.08"/>
  <testcase name="editValidStaff" classname="tests.StaffTests" time="2.602"/>
  <testcase name="deleteValidStaff" classname="tests.StaffTests" time="1.718"/>
</testsuite>