-------------------------------------------------------------------------------
Test set: tests.LoginTests
-------------------------------------------------------------------------------
Tests run: 2, Failures: 2, Errors: 0, Skipped: 0, Time elapsed: 52.051 s <<< FAILURE! - in tests.LoginTests
invalidLogin(tests.LoginTests)  Time elapsed: 14.814 s  <<< FAILURE!
java.lang.AssertionError: expected [Authentication failed! Please check your credentials and try again..] but found [Authentication failed! Please check your credentials and try again.]
	at tests.LoginTests.invalidLogin(LoginTests.java:56)

validLogin(tests.LoginTests)  Time elapsed: 20.222 s  <<< FAILURE!
org.openqa.selenium.NoSuchElementException: 
no such element: Unable to locate element: {"method":"link text","selector":"login"}
  (Session info: chrome=68.0.3440.106)
  (Driver info: chromedriver=2.41.578737 (49da6702b16031c40d63e5618de03a32ff6c197e),platform=Windows NT 10.0.17134 x86_64) (WARNING: The server did not provide any stacktrace information)
Command duration or timeout: 0 milliseconds
For documentation on this error, please visit: http://seleniumhq.org/exceptions/no_such_element.html
Build info: version: '3.14.0', revision: 'aacccce0', time: '2018-08-02T20:19:58.91Z'
System info: host: 'DESKTOP-BMTHO9F', ip: '169.254.113.108', os.name: 'Windows 10', os.arch: 'amd64', os.version: '10.0', java.version: '1.8.0_144'
Driver info: org.openqa.selenium.chrome.ChromeDriver
Capabilities {acceptInsecureCerts: false, acceptSslCerts: false, applicationCacheEnabled: false, browserConnectionEnabled: false, browserName: chrome, chrome: {chromedriverVersion: 2.41.578737 (49da6702b16031..., userDataDir: C:\Users\Priti\AppData\Loca...}, cssSelectorsEnabled: true, databaseEnabled: false, goog:chromeOptions: {debuggerAddress: localhost:59772}, handlesAlerts: true, hasTouchScreen: false, javascriptEnabled: true, locationContextEnabled: true, mobileEmulationEnabled: false, nativeEvents: true, networkConnectionEnabled: false, pageLoadStrategy: normal, platform: XP, platformName: XP, rotatable: false, setWindowRect: true, takesHeapSnapshot: true, takesScreenshot: true, unexpectedAlertBehaviour: , unhandledPromptBehavior: , version: 68.0.3440.106, webStorageEnabled: true}
Session ID: 81b014fe306a285a5222eec22016ba38
*** Element info: {Using=link text, value=login}
	at tests.LoginTests.validLogin(LoginTests.java:37)

